<?xml version="1.0" encoding="UTF-8"?>
<!-- Generated by org.testng.reporters.JUnitReportReporter -->
<testsuite skipped="0" hostname="MyPC" name="org.maven.kyd.frameowrk.test.LoginTest" tests="1" failures="0" timestamp="07 Mar 2020 11:01:19 GMT" time="36.756" errors="0">
  <testcase name="loginTestScenario" time="36.756" classname="org.maven.kyd.frameowrk.test.LoginTest"/>
</testsuite> <!-- org.maven.kyd.frameowrk.test.LoginTest -->
